<?xml version="1.0" encoding="UTF-8"?>
<!-- Generated by org.testng.reporters.JUnitXMLReporter -->
<testsuite ignored="0" hostname="DESKTOP-7PBHJUN" failures="0" tests="8" name="Surefire test" time="40.624" errors="0" timestamp="2024-12-25T11:08:15 IST">
  <testcase classname="seleniumpractices.TestCasesPriority" name="C" time="4.183"/>
  <testcase classname="seleniumpractices.TestCasesPriority" name="Z" time="0.016"/>
  <testcase classname="seleniumpractices.TestCasesPriority" name="B" time="0.044"/>
  <testcase classname="seleniumpractices.TestGroupsInTestNg" name="B" time="0.02"/>
  <testcase classname="seleniumpractices.TestGroupsInTestNg" name="C" time="4.678"/>
  <testcase classname="seleniumpractices.TestGroupsInTestNg" name="Z" time="0.016"/>
  <testcase classname="seleniumpractices.TestNgAnnotations" name="verifyValidLogin" time="0.001"/>
  <testcase classname="seleniumpractices.TestNgSoftAssertions" name="verifyValidLogin" time="8.296"/>
</testsuite> <!-- Surefire test -->
