<?xml version="1.0" encoding="UTF-8"?>
<!-- Generated by org.testng.reporters.JUnitXMLReporter -->
<testsuite ignored="0" hostname="DESKTOP-7PBHJUN" failures="0" tests="3" name="Default test" time="14.922" errors="0" timestamp="2024-12-23T21:16:30 IST">
  <testcase classname="seleniumpractices.ParellelExecution" name="B" time="4.559"/>
  <testcase classname="seleniumpractices.ParellelExecution" name="C" time="4.568"/>
  <testcase classname="seleniumpractices.ParellelExecution" name="Z" time="5.704"/>
</testsuite> <!-- Default test -->
