<?xml version="1.0" encoding="UTF-8"?>
<!-- Generated by org.testng.reporters.JUnitXMLReporter -->
<testsuite ignored="0" hostname="DESKTOP-7PBHJUN" failures="0" tests="2" name="Default test" time="10.134" errors="0" timestamp="2024-12-20T08:56:39 IST">
  <testcase classname="com.codemind.newtours.testcases.VerifyValidLogin" name="verifyHomePageTitle" time="0.02"/>
  <testcase classname="com.codemind.newtours.testcases.VerifyValidLogin" name="verifyValidLogin" time="1.596"/>
</testsuite> <!-- Default test -->
