<?xml version="1.0" encoding="UTF-8"?>
<!-- Generated by org.testng.reporters.JUnitXMLReporter -->
<testsuite ignored="0" hostname="DESKTOP-7PBHJUN" failures="0" tests="3" name="Test" time="23.336" errors="0" timestamp="2024-12-19T21:03:07 IST">
  <testcase classname="seleniumpractices.ParellelExecution" name="Z" time="20.91"/>
  <testcase classname="seleniumpractices.ParellelExecution" name="B" time="23.12"/>
  <testcase classname="seleniumpractices.ParellelExecution" name="C" time="23.292"/>
</testsuite> <!-- Test -->
