<?xml version="1.0" encoding="UTF-8"?>
<!-- Generated by org.testng.reporters.JUnitXMLReporter -->
<testsuite ignored="0" hostname="DESKTOP-7PBHJUN" failures="0" tests="3" name="Test" time="21.981" errors="0" timestamp="2024-12-25T11:06:55 IST">
  <testcase classname="seleniumpractices.ParellelExecution" name="B" time="8.36"/>
  <testcase classname="seleniumpractices.ParellelExecution" name="C" time="9.57"/>
  <testcase classname="seleniumpractices.ParellelExecution" name="Z" time="3.998"/>
</testsuite> <!-- Test -->
