<?xml version="1.0" encoding="UTF-8"?>
<testng-results ignored="0" total="8" passed="8" failed="0" skipped="0">
  <reporter-output>
    <line>
      <![CDATA[before entering user name]]>
    </line>
    <line>
      <![CDATA[after entering user name]]>
    </line>
    <line>
      <![CDATA[before entering password]]>
    </line>
    <line>
      <![CDATA[after entering password]]>
    </line>
    <line>
      <![CDATA[before clicking submit btn]]>
    </line>
    <line>
      <![CDATA[after clicking submit btn]]>
    </line>
    <line>
      <![CDATA[before entering user name]]>
    </line>
    <line>
      <![CDATA[after entering user name]]>
    </line>
    <line>
      <![CDATA[before entering password]]>
    </line>
    <line>
      <![CDATA[after entering password]]>
    </line>
    <line>
      <![CDATA[before clicking submit btn]]>
    </line>
    <line>
      <![CDATA[after clicking submit btn]]>
    </line>
  </reporter-output>
  <suite started-at="2024-12-25T11:07:34 IST" name="Surefire suite" finished-at="2024-12-25T11:08:15 IST" duration-ms="40624">
    <groups>
      <group name="regression">
        <method signature="TestGroupsInTestNg.B()[pri:1, instance:seleniumpractices.TestGroupsInTestNg@2145b572]" name="B" class="seleniumpractices.TestGroupsInTestNg"/>
        <method signature="TestGroupsInTestNg.C()[pri:1, instance:seleniumpractices.TestGroupsInTestNg@2145b572]" name="C" class="seleniumpractices.TestGroupsInTestNg"/>
      </group> <!-- regression -->
      <group name="smoke">
        <method signature="TestGroupsInTestNg.B()[pri:1, instance:seleniumpractices.TestGroupsInTestNg@2145b572]" name="B" class="seleniumpractices.TestGroupsInTestNg"/>
      </group> <!-- smoke -->
      <group name="sanity">
        <method signature="TestGroupsInTestNg.Z()[pri:1, instance:seleniumpractices.TestGroupsInTestNg@2145b572]" name="Z" class="seleniumpractices.TestGroupsInTestNg"/>
      </group> <!-- sanity -->
    </groups>
    <test started-at="2024-12-25T11:07:34 IST" name="Surefire test" finished-at="2024-12-25T11:08:15 IST" duration-ms="40624">
      <class name="seleniumpractices.TestNgSoftAssertions">
        <test-method signature="verifyValidLogin()[pri:0, instance:seleniumpractices.TestNgSoftAssertions@16ec5519]" started-at="2024-12-25T11:08:07 IST" name="verifyValidLogin" finished-at="2024-12-25T11:08:15 IST" duration-ms="8296" status="PASS">
          <reporter-output>
          </reporter-output>
        </test-method> <!-- verifyValidLogin -->
      </class> <!-- seleniumpractices.TestNgSoftAssertions -->
      <class name="seleniumpractices.TestCasesPriority">
        <test-method is-config="true" signature="setup()[pri:0, instance:seleniumpractices.TestCasesPriority@15eb5ee5]" started-at="2024-12-25T11:07:35 IST" name="setup" finished-at="2024-12-25T11:07:39 IST" duration-ms="4440" status="PASS">
          <reporter-output>
          </reporter-output>
        </test-method> <!-- setup -->
        <test-method signature="C()[pri:1, instance:seleniumpractices.TestCasesPriority@15eb5ee5]" started-at="2024-12-25T11:07:39 IST" name="C" finished-at="2024-12-25T11:07:43 IST" duration-ms="4183" status="PASS">
          <reporter-output>
            <line>
              <![CDATA[before entering user name]]>
            </line>
            <line>
              <![CDATA[after entering user name]]>
            </line>
            <line>
              <![CDATA[before entering password]]>
            </line>
            <line>
              <![CDATA[after entering password]]>
            </line>
            <line>
              <![CDATA[before clicking submit btn]]>
            </line>
            <line>
              <![CDATA[after clicking submit btn]]>
            </line>
          </reporter-output>
        </test-method> <!-- C -->
        <test-method is-config="true" signature="tearDown()[pri:0, instance:seleniumpractices.TestCasesPriority@15eb5ee5]" started-at="2024-12-25T11:07:43 IST" name="tearDown" finished-at="2024-12-25T11:07:43 IST" duration-ms="235" status="PASS">
          <reporter-output>
          </reporter-output>
        </test-method> <!-- tearDown -->
        <test-method is-config="true" signature="setup()[pri:0, instance:seleniumpractices.TestCasesPriority@15eb5ee5]" started-at="2024-12-25T11:07:43 IST" name="setup" finished-at="2024-12-25T11:07:47 IST" duration-ms="3917" status="PASS">
          <reporter-output>
          </reporter-output>
        </test-method> <!-- setup -->
        <test-method signature="Z()[pri:2, instance:seleniumpractices.TestCasesPriority@15eb5ee5]" started-at="2024-12-25T11:07:47 IST" name="Z" finished-at="2024-12-25T11:07:47 IST" duration-ms="16" status="PASS">
          <reporter-output>
          </reporter-output>
        </test-method> <!-- Z -->
        <test-method is-config="true" signature="tearDown()[pri:0, instance:seleniumpractices.TestCasesPriority@15eb5ee5]" started-at="2024-12-25T11:07:47 IST" name="tearDown" finished-at="2024-12-25T11:07:48 IST" duration-ms="175" status="PASS">
          <reporter-output>
          </reporter-output>
        </test-method> <!-- tearDown -->
        <test-method is-config="true" signature="setup()[pri:0, instance:seleniumpractices.TestCasesPriority@15eb5ee5]" started-at="2024-12-25T11:07:48 IST" name="setup" finished-at="2024-12-25T11:07:51 IST" duration-ms="3904" status="PASS">
          <reporter-output>
          </reporter-output>
        </test-method> <!-- setup -->
        <test-method signature="B()[pri:3, instance:seleniumpractices.TestCasesPriority@15eb5ee5]" started-at="2024-12-25T11:07:51 IST" name="B" finished-at="2024-12-25T11:07:51 IST" duration-ms="44" status="PASS">
          <reporter-output>
          </reporter-output>
        </test-method> <!-- B -->
        <test-method is-config="true" signature="tearDown()[pri:0, instance:seleniumpractices.TestCasesPriority@15eb5ee5]" started-at="2024-12-25T11:07:51 IST" name="tearDown" finished-at="2024-12-25T11:07:52 IST" duration-ms="178" status="PASS">
          <reporter-output>
          </reporter-output>
        </test-method> <!-- tearDown -->
      </class> <!-- seleniumpractices.TestCasesPriority -->
      <class name="seleniumpractices.TestGroupsInTestNg">
        <test-method is-config="true" signature="setup()[pri:0, instance:seleniumpractices.TestGroupsInTestNg@2145b572]" started-at="2024-12-25T11:07:52 IST" name="setup" finished-at="2024-12-25T11:07:55 IST" duration-ms="2869" status="PASS">
          <reporter-output>
          </reporter-output>
        </test-method> <!-- setup -->
        <test-method signature="B()[pri:1, instance:seleniumpractices.TestGroupsInTestNg@2145b572]" started-at="2024-12-25T11:07:55 IST" name="B" finished-at="2024-12-25T11:07:55 IST" duration-ms="20" status="PASS">
          <reporter-output>
          </reporter-output>
        </test-method> <!-- B -->
        <test-method is-config="true" signature="tearDown()[pri:0, instance:seleniumpractices.TestGroupsInTestNg@2145b572]" started-at="2024-12-25T11:07:55 IST" name="tearDown" finished-at="2024-12-25T11:07:55 IST" duration-ms="153" status="PASS">
          <reporter-output>
          </reporter-output>
        </test-method> <!-- tearDown -->
        <test-method is-config="true" signature="setup()[pri:0, instance:seleniumpractices.TestGroupsInTestNg@2145b572]" started-at="2024-12-25T11:07:55 IST" name="setup" finished-at="2024-12-25T11:07:58 IST" duration-ms="3292" status="PASS">
          <reporter-output>
          </reporter-output>
        </test-method> <!-- setup -->
        <test-method signature="C()[pri:1, instance:seleniumpractices.TestGroupsInTestNg@2145b572]" started-at="2024-12-25T11:07:58 IST" name="C" finished-at="2024-12-25T11:08:03 IST" duration-ms="4678" status="PASS">
          <reporter-output>
            <line>
              <![CDATA[before entering user name]]>
            </line>
            <line>
              <![CDATA[after entering user name]]>
            </line>
            <line>
              <![CDATA[before entering password]]>
            </line>
            <line>
              <![CDATA[after entering password]]>
            </line>
            <line>
              <![CDATA[before clicking submit btn]]>
            </line>
            <line>
              <![CDATA[after clicking submit btn]]>
            </line>
          </reporter-output>
        </test-method> <!-- C -->
        <test-method is-config="true" signature="tearDown()[pri:0, instance:seleniumpractices.TestGroupsInTestNg@2145b572]" started-at="2024-12-25T11:08:03 IST" name="tearDown" finished-at="2024-12-25T11:08:03 IST" duration-ms="211" status="PASS">
          <reporter-output>
          </reporter-output>
        </test-method> <!-- tearDown -->
        <test-method is-config="true" signature="setup()[pri:0, instance:seleniumpractices.TestGroupsInTestNg@2145b572]" started-at="2024-12-25T11:08:03 IST" name="setup" finished-at="2024-12-25T11:08:07 IST" duration-ms="3725" status="PASS">
          <reporter-output>
          </reporter-output>
        </test-method> <!-- setup -->
        <test-method signature="Z()[pri:1, instance:seleniumpractices.TestGroupsInTestNg@2145b572]" started-at="2024-12-25T11:08:07 IST" name="Z" finished-at="2024-12-25T11:08:07 IST" duration-ms="16" status="PASS">
          <reporter-output>
          </reporter-output>
        </test-method> <!-- Z -->
        <test-method is-config="true" signature="tearDown()[pri:0, instance:seleniumpractices.TestGroupsInTestNg@2145b572]" started-at="2024-12-25T11:08:07 IST" name="tearDown" finished-at="2024-12-25T11:08:07 IST" duration-ms="169" status="PASS">
          <reporter-output>
          </reporter-output>
        </test-method> <!-- tearDown -->
      </class> <!-- seleniumpractices.TestGroupsInTestNg -->
      <class name="seleniumpractices.TestNgAnnotations">
        <test-method is-config="true" signature="beforeSuite()[pri:0, instance:seleniumpractices.TestNgAnnotations@50eac852]" started-at="2024-12-25T11:07:34 IST" name="beforeSuite" finished-at="2024-12-25T11:07:34 IST" duration-ms="17" status="PASS">
          <reporter-output>
          </reporter-output>
        </test-method> <!-- beforeSuite -->
        <test-method is-config="true" signature="beforeTestPlan()[pri:0, instance:seleniumpractices.TestNgAnnotations@50eac852]" started-at="2024-12-25T11:07:34 IST" name="beforeTestPlan" finished-at="2024-12-25T11:07:34 IST" duration-ms="1" status="PASS">
          <reporter-output>
          </reporter-output>
        </test-method> <!-- beforeTestPlan -->
        <test-method is-config="true" signature="beforeClass()[pri:0, instance:seleniumpractices.TestNgAnnotations@50eac852]" started-at="2024-12-25T11:08:07 IST" name="beforeClass" finished-at="2024-12-25T11:08:07 IST" duration-ms="1" status="PASS">
          <reporter-output>
          </reporter-output>
        </test-method> <!-- beforeClass -->
        <test-method signature="verifyValidLogin()[pri:0, instance:seleniumpractices.TestNgAnnotations@50eac852]" started-at="2024-12-25T11:08:07 IST" name="verifyValidLogin" finished-at="2024-12-25T11:08:07 IST" duration-ms="1" status="PASS">
          <reporter-output>
          </reporter-output>
        </test-method> <!-- verifyValidLogin -->
        <test-method is-config="true" signature="beforeMethod()[pri:0, instance:seleniumpractices.TestNgAnnotations@50eac852]" started-at="2024-12-25T11:08:07 IST" name="beforeMethod" finished-at="2024-12-25T11:08:07 IST" duration-ms="0" status="PASS">
          <reporter-output>
          </reporter-output>
        </test-method> <!-- beforeMethod -->
        <test-method is-config="true" signature="afterMethod()[pri:0, instance:seleniumpractices.TestNgAnnotations@50eac852]" started-at="2024-12-25T11:08:07 IST" name="afterMethod" finished-at="2024-12-25T11:08:07 IST" duration-ms="1" status="PASS">
          <reporter-output>
          </reporter-output>
        </test-method> <!-- afterMethod -->
        <test-method is-config="true" signature="afterClass()[pri:0, instance:seleniumpractices.TestNgAnnotations@50eac852]" started-at="2024-12-25T11:08:07 IST" name="afterClass" finished-at="2024-12-25T11:08:07 IST" duration-ms="1" status="PASS">
          <reporter-output>
          </reporter-output>
        </test-method> <!-- afterClass -->
        <test-method is-config="true" signature="afterTestPlan()[pri:0, instance:seleniumpractices.TestNgAnnotations@50eac852]" started-at="2024-12-25T11:08:15 IST" name="afterTestPlan" finished-at="2024-12-25T11:08:15 IST" duration-ms="0" status="PASS">
          <reporter-output>
          </reporter-output>
        </test-method> <!-- afterTestPlan -->
        <test-method is-config="true" signature="afterSuite()[pri:0, instance:seleniumpractices.TestNgAnnotations@50eac852]" started-at="2024-12-25T11:08:15 IST" name="afterSuite" finished-at="2024-12-25T11:08:15 IST" duration-ms="0" status="PASS">
          <reporter-output>
          </reporter-output>
        </test-method> <!-- afterSuite -->
      </class> <!-- seleniumpractices.TestNgAnnotations -->
    </test> <!-- Surefire test -->
  </suite> <!-- Surefire suite -->
</testng-results>
