<?xml version="1.0" encoding="UTF-8"?>
<testng-results ignored="0" total="2" passed="2" failed="0" skipped="0">
  <reporter-output>
  </reporter-output>
  <suite started-at="2024-12-20T08:56:29 IST" name="Default suite" finished-at="2024-12-20T08:56:39 IST" duration-ms="10134">
    <groups>
    </groups>
    <test started-at="2024-12-20T08:56:29 IST" name="Default test" finished-at="2024-12-20T08:56:39 IST" duration-ms="10134">
      <class name="com.codemind.newtours.testcases.VerifyValidLogin">
        <test-method is-config="true" signature="setUp()[pri:0, instance:com.codemind.newtours.testcases.VerifyValidLogin@747ddf94]" started-at="2024-12-20T08:56:29 IST" name="setUp" finished-at="2024-12-20T08:56:34 IST" duration-ms="5190" status="PASS">
          <reporter-output>
          </reporter-output>
        </test-method> <!-- setUp -->
        <test-method signature="verifyHomePageTitle()[pri:0, instance:com.codemind.newtours.testcases.VerifyValidLogin@747ddf94]" started-at="2024-12-20T08:56:34 IST" name="verifyHomePageTitle" finished-at="2024-12-20T08:56:34 IST" duration-ms="20" status="PASS">
          <reporter-output>
          </reporter-output>
        </test-method> <!-- verifyHomePageTitle -->
        <test-method is-config="true" signature="tearDown()[pri:0, instance:com.codemind.newtours.testcases.VerifyValidLogin@747ddf94]" started-at="2024-12-20T08:56:34 IST" name="tearDown" finished-at="2024-12-20T08:56:35 IST" duration-ms="164" status="PASS">
          <reporter-output>
          </reporter-output>
        </test-method> <!-- tearDown -->
        <test-method is-config="true" signature="setUp()[pri:0, instance:com.codemind.newtours.testcases.VerifyValidLogin@747ddf94]" started-at="2024-12-20T08:56:35 IST" name="setUp" finished-at="2024-12-20T08:56:38 IST" duration-ms="2986" status="PASS">
          <reporter-output>
          </reporter-output>
        </test-method> <!-- setUp -->
        <test-method signature="verifyValidLogin()[pri:0, instance:com.codemind.newtours.testcases.VerifyValidLogin@747ddf94]" started-at="2024-12-20T08:56:38 IST" name="verifyValidLogin" finished-at="2024-12-20T08:56:39 IST" duration-ms="1596" status="PASS">
          <reporter-output>
          </reporter-output>
        </test-method> <!-- verifyValidLogin -->
        <test-method is-config="true" signature="tearDown()[pri:0, instance:com.codemind.newtours.testcases.VerifyValidLogin@747ddf94]" started-at="2024-12-20T08:56:39 IST" name="tearDown" finished-at="2024-12-20T08:56:39 IST" duration-ms="137" status="PASS">
          <reporter-output>
          </reporter-output>
        </test-method> <!-- tearDown -->
      </class> <!-- com.codemind.newtours.testcases.VerifyValidLogin -->
    </test> <!-- Default test -->
  </suite> <!-- Default suite -->
</testng-results>
