<?xml version="1.0" encoding="UTF-8"?>
<testng-results ignored="0" total="3" passed="3" failed="0" skipped="0">
  <reporter-output>
    <line>
      <![CDATA[Test Case Started]]>
    </line>
    <line>
      <![CDATA[before entering user name]]>
    </line>
    <line>
      <![CDATA[after entering user name]]>
    </line>
    <line>
      <![CDATA[before entering password]]>
    </line>
    <line>
      <![CDATA[after entering password]]>
    </line>
    <line>
      <![CDATA[before clicking submit btn]]>
    </line>
    <line>
      <![CDATA[after clicking submit btn]]>
    </line>
  </reporter-output>
  <suite started-at="2024-12-25T11:06:33 IST" name="Suite" finished-at="2024-12-25T11:06:55 IST" duration-ms="21981">
    <groups>
      <group name="regression">
        <method signature="ParellelExecution.B()[pri:1, instance:seleniumpractices.ParellelExecution@2f9f7dcf]" name="B" class="seleniumpractices.ParellelExecution"/>
        <method signature="ParellelExecution.C()[pri:1, instance:seleniumpractices.ParellelExecution@2f9f7dcf]" name="C" class="seleniumpractices.ParellelExecution"/>
      </group> <!-- regression -->
      <group name="smoke">
        <method signature="ParellelExecution.B()[pri:1, instance:seleniumpractices.ParellelExecution@2f9f7dcf]" name="B" class="seleniumpractices.ParellelExecution"/>
      </group> <!-- smoke -->
      <group name="sanity">
        <method signature="ParellelExecution.Z()[pri:1, instance:seleniumpractices.ParellelExecution@2f9f7dcf]" name="Z" class="seleniumpractices.ParellelExecution"/>
      </group> <!-- sanity -->
    </groups>
    <test started-at="2024-12-25T11:06:33 IST" name="Test" finished-at="2024-12-25T11:06:55 IST" duration-ms="21981">
      <class name="seleniumpractices.ParellelExecution">
        <test-method signature="B()[pri:1, instance:seleniumpractices.ParellelExecution@2f9f7dcf]" started-at="2024-12-25T11:06:33 IST" name="B" finished-at="2024-12-25T11:06:42 IST" duration-ms="8360" status="PASS">
          <reporter-output>
          </reporter-output>
        </test-method> <!-- B -->
        <test-method signature="C()[pri:1, instance:seleniumpractices.ParellelExecution@2f9f7dcf]" started-at="2024-12-25T11:06:42 IST" name="C" finished-at="2024-12-25T11:06:51 IST" duration-ms="9570" status="PASS">
          <reporter-output>
            <line>
              <![CDATA[before entering user name]]>
            </line>
            <line>
              <![CDATA[after entering user name]]>
            </line>
            <line>
              <![CDATA[before entering password]]>
            </line>
            <line>
              <![CDATA[after entering password]]>
            </line>
            <line>
              <![CDATA[before clicking submit btn]]>
            </line>
            <line>
              <![CDATA[after clicking submit btn]]>
            </line>
          </reporter-output>
        </test-method> <!-- C -->
        <test-method signature="Z()[pri:1, instance:seleniumpractices.ParellelExecution@2f9f7dcf]" started-at="2024-12-25T11:06:51 IST" name="Z" finished-at="2024-12-25T11:06:55 IST" duration-ms="3998" status="PASS">
          <reporter-output>
          </reporter-output>
        </test-method> <!-- Z -->
      </class> <!-- seleniumpractices.ParellelExecution -->
    </test> <!-- Test -->
  </suite> <!-- Suite -->
</testng-results>
